<?xml version="1.0" encoding="UTF-8"?>
<testng-results ignored="0" total="1" passed="1" failed="0" skipped="0">
  <reporter-output>
  </reporter-output>
  <suite started-at="2024-05-16T09:07:46 IST" name="Default suite" finished-at="2024-05-16T09:09:49 IST" duration-ms="122326">
    <groups>
    </groups>
    <test started-at="2024-05-16T09:07:46 IST" name="Default test" finished-at="2024-05-16T09:09:49 IST" duration-ms="122326">
      <class name="TestCases.LaunchHrm">
        <test-method is-config="true" signature="LaunchBrowser()[pri:0, instance:TestCases.LaunchHrm@4a883b15]" started-at="2024-05-16T09:07:46 IST" name="LaunchBrowser" finished-at="2024-05-16T09:08:03 IST" duration-ms="16705" status="PASS">
          <reporter-output>
          </reporter-output>
        </test-method> <!-- LaunchBrowser -->
        <test-method signature="LoginTestCasePositive(java.lang.String,java.lang.String)[pri:0, instance:TestCases.LaunchHrm@4a883b15]" started-at="2024-05-16T09:08:06 IST" name="LoginTestCasePositive" data-provider="logindetails" finished-at="2024-05-16T09:09:49 IST" duration-ms="102207" status="PASS">
          <params>
            <param index="0">
              <value>
                <![CDATA[Admin]]>
              </value>
            </param>
            <param index="1">
              <value>
                <![CDATA[dGQ@LiRk27]]>
              </value>
            </param>
          </params>
          <reporter-output>
          </reporter-output>
        </test-method> <!-- LoginTestCasePositive -->
      </class> <!-- TestCases.LaunchHrm -->
    </test> <!-- Default test -->
  </suite> <!-- Default suite -->
</testng-results>
